<?xml version="1.0" encoding="UTF-8"?>
<!-- Generated by org.testng.reporters.JUnitReportReporter -->
<testsuite hostname="DESKTOP-UNVGE05" failures="0" tests="2" name="testcases.TC001_logintest" time="5.407" errors="0" timestamp="23 Apr 2023 07:32:46 GMT" skipped="0">
  <testcase classname="testcases.TC001_logintest" name="valid_login" time="2.274"/>
  <testcase classname="testcases.TC001_logintest" name="InvalidLogin" time="3.133"/>
</testsuite> <!-- testcases.TC001_logintest -->
