<?xml version="1.0" encoding="UTF-8"?>
<!-- Generated by org.testng.reporters.JUnitReportReporter -->
<testsuite hostname="DESKTOP-UNVGE05" failures="0" tests="2" name="testcases.TC001_logintest" time="7.013" errors="0" timestamp="23 Apr. 2023 07:35:33 GMT" skipped="0">
  <testcase classname="testcases.TC001_logintest" name="valid_login" time="4.144"/>
  <testcase classname="testcases.TC001_logintest" name="InvalidLogin" time="2.869"/>
</testsuite> <!-- testcases.TC001_logintest -->
